work clock binding: arm64 BR_RETIRED raw 0x21 = all architecturally executed branch instructions (taken or not; AA1-F1)
floor-check aa2-full-001 stage=aa2
  [PASS] aggregation: one stage, distinct run-sets, one constants pack + measurement environment
  [PASS] schema-version: schema version 4
  [PASS] well-formed: every schema-constrained field is well-formed
  [PASS] records-sha256: records sha256 4b61efdba222796d5a97193b2a47d308c938c3f76aba83d1fae0dd5ea52ac7bc matches the manifest
  [PASS] totality: all 170330 attempted samples present exactly once
  [PASS] step-totality: all 16 planned sample id(s) 0..16 represented in the step records
  [PASS] multiplicity: all 0 armed overflows delivered exactly once
  [FAIL] weights-present: the manifest carries no measured weights (`weights: null`): refusing to check counts rather than substituting a default (task 109: count offsets are spike deliverables, never defaults)
  [FAIL] count-exactness: not checked: counts cannot be recomputed without measured weights
  [PASS] skid: skid distribution recorded and self-consistent (AA-1 measures it; the landing contract does not bind here)
  [PASS] mechanism-attestation: all records carry the claimed SignalKick exit; mechanism attested
  [PASS] perf-config: raw 0x21 armed guest-only and pinned
  [PASS] image-pins: all 9 boot artifacts verified, the host kernel pinned, every exercised artifact bound
  [PASS] pinning: pinned to core 60
  [PASS] params-mode: every record attests managed params mode
  [PASS] replay-identity: 85165 stepped group(s) each replayed on bit-identical state digests
  [PASS] debug-evidence: 170330 record(s) cover the full AA-2 step matrix, each a valid single step with a BR_RETIRED delta consistent with its transition class
  [PASS] condition-consistency: every record's condition matches the manifest's (pinned-solo)
  [PASS] payload-status: every payload's in-guest self-checks passed
FAIL weights-present: the manifest carries no measured weights (`weights: null`): refusing to check counts rather than substituting a default (task 109: count offsets are spike deliverables, never defaults)
FAIL count-exactness: not checked: counts cannot be recomputed without measured weights
RESULT: FAIL (2 of 19 checks failed: weights-present, count-exactness)
